[ 2017-03-19T10:34:48+08:00 ] ::1 /project/classmatealumni/index.php/Home/Index/index.html
ERR: syntax error, unexpected '"]); ?>"' (T_CONSTANT_ENCAPSED_STRING), expecting ',' or ';'

[ 2017-03-19T10:35:27+08:00 ] ::1 /project/classmatealumni/index.php/Home/Index/index.html
ERR: syntax error, unexpected ''User/guest/usesrname/user4"><' (T_ENCAPSED_AND_WHITESPACE)

[ 2017-03-19T10:35:27+08:00 ] ::1 /project/classmatealumni/index.php/Home/Index/index.html
ERR: syntax error, unexpected ''User/guest/usesrname/user4"><' (T_ENCAPSED_AND_WHITESPACE)

[ 2017-03-19T10:35:28+08:00 ] ::1 /project/classmatealumni/index.php/Home/Index/index.html
ERR: syntax error, unexpected ''User/guest/usesrname/user4"><' (T_ENCAPSED_AND_WHITESPACE)

[ 2017-03-19T10:35:51+08:00 ] ::1 /project/classmatealumni/index.php/Home/Index/index.html
ERR: syntax error, unexpected ';', expecting ',' or ')'

[ 2017-03-19T10:35:51+08:00 ] ::1 /project/classmatealumni/index.php/Home/Index/index.html
ERR: syntax error, unexpected ';', expecting ',' or ')'

[ 2017-03-19T10:36:00+08:00 ] ::1 /project/classmatealumni/index.php/Home/Index/index.html
ERR: syntax error, unexpected ';', expecting ',' or ')'

[ 2017-03-19T10:36:01+08:00 ] ::1 /project/classmatealumni/index.php/Home/Index/index.html
ERR: syntax error, unexpected ';', expecting ',' or ')'

[ 2017-03-19T10:36:01+08:00 ] ::1 /project/classmatealumni/index.php/Home/Index/index.html
ERR: syntax error, unexpected ';', expecting ',' or ')'

[ 2017-03-19T10:36:40+08:00 ] ::1 /project/classmatealumni/index.php/Home/User/guest.html/usesrname/user4
ERR: 非法操作:guest.html

[ 2017-03-19T10:37:14+08:00 ] ::1 /project/classmatealumni/index.php/Home/User/guest.html/usesrname/user4
ERR: 非法操作:guest.html

[ 2017-03-19T10:37:24+08:00 ] ::1 /project/classmatealumni/index.php/Home/User/guest.html/username/user4
ERR: 非法操作:guest.html

[ 2017-03-19T10:38:08+08:00 ] ::1 /project/classmatealumni/index.php/Home/User/guest.html/username/user4
ERR: 非法操作:guest.html

[ 2017-03-19T10:38:10+08:00 ] ::1 /project/classmatealumni/index.php/Home/User/guest.html/username/user5
ERR: 非法操作:guest.html

[ 2017-03-19T10:38:12+08:00 ] ::1 /project/classmatealumni/index.php/Home/User/guest.html/username/user6
ERR: 非法操作:guest.html

[ 2017-03-19T10:39:28+08:00 ] ::1 /project/classmatealumni/index.php/Home/User/guest.html/username/user6
ERR: 非法操作:guest.html

[ 2017-03-19T10:39:29+08:00 ] ::1 /project/classmatealumni/index.php/Home/Index/index.html
ERR: syntax error, unexpected '"]); ?>"' (T_CONSTANT_ENCAPSED_STRING), expecting ',' or ';'

[ 2017-03-19T10:39:29+08:00 ] ::1 /project/classmatealumni/index.php/Home/Index/index.html
ERR: syntax error, unexpected '"]); ?>"' (T_CONSTANT_ENCAPSED_STRING), expecting ',' or ';'

[ 2017-03-19T10:39:29+08:00 ] ::1 /project/classmatealumni/index.php/Home/Index/index.html
ERR: syntax error, unexpected '"]); ?>"' (T_CONSTANT_ENCAPSED_STRING), expecting ',' or ';'

[ 2017-03-19T10:39:30+08:00 ] ::1 /project/classmatealumni/index.php/Home/Index/index.html
ERR: syntax error, unexpected '"]); ?>"' (T_CONSTANT_ENCAPSED_STRING), expecting ',' or ';'

[ 2017-03-19T10:42:54+08:00 ] ::1 /project/classmatealumni/index.php/Home/Index/index.html
ERR: syntax error, unexpected '"]); ?>"' (T_CONSTANT_ENCAPSED_STRING), expecting ',' or ';'

[ 2017-03-19T10:42:54+08:00 ] ::1 /project/classmatealumni/index.php/Home/Index/index.html
ERR: syntax error, unexpected '"]); ?>"' (T_CONSTANT_ENCAPSED_STRING), expecting ',' or ';'

[ 2017-03-19T10:42:59+08:00 ] ::1 /project/classmatealumni/index.php/Home/Index/index.html
ERR: syntax error, unexpected '"]); ?>"' (T_CONSTANT_ENCAPSED_STRING), expecting ',' or ';'

[ 2017-03-19T10:43:00+08:00 ] ::1 /project/classmatealumni/index.php/Home/Index/index.html
ERR: syntax error, unexpected '"]); ?>"' (T_CONSTANT_ENCAPSED_STRING), expecting ',' or ';'

[ 2017-03-19T10:58:58+08:00 ] ::1 /project/classmatealumni/index.php/Home/Index/index.html
ERR: syntax error, unexpected ')', expecting variable (T_VARIABLE) or '{' or '$'

[ 2017-03-19T11:27:37+08:00 ] ::1 /project/classmatealumni/index.php/Home/User/guest/username/user1.html
ERR: syntax error, unexpected ''username]); ?>">' (T_ENCAPSED_AND_WHITESPACE), expecting ']'

[ 2017-03-19T11:27:37+08:00 ] ::1 /project/classmatealumni/index.php/Home/User/guest/username/user1.html
ERR: syntax error, unexpected ''username]); ?>">' (T_ENCAPSED_AND_WHITESPACE), expecting ']'

[ 2017-03-19T13:08:51+08:00 ] ::1 /project/classmatealumni/index.php/Home/User/2
ERR: 非法操作:2

[ 2017-03-19T14:45:44+08:00 ] ::1 /project/classmatealumni/index.php/Home/Index/index.html
ERR: syntax error, unexpected ','

[ 2017-03-19T14:45:45+08:00 ] ::1 /project/classmatealumni/index.php/Home/Index/index.html
ERR: syntax error, unexpected ','

[ 2017-03-19T15:06:28+08:00 ] ::1 /project/classmatealumni/index.php/Home/Index/index.html
ERR: syntax error, unexpected 'id' (T_STRING), expecting ',' or ')'

[ 2017-03-19T15:07:15+08:00 ] ::1 /project/classmatealumni/index.php/Home/Index/index.html
ERR: syntax error, unexpected '$info' (T_VARIABLE), expecting ',' or ')'

[ 2017-03-19T15:18:37+08:00 ] ::1 /project/classmatealumni/index.php/Home/Index/index.html
ERR: syntax error, unexpected ''));' (T_CONSTANT_ENCAPSED_STRING), expecting ',' or ')'

