[ 2017-03-19T09:01:55+08:00 ] ::1 /project/classmatealumni/img/tab3.png
ERR: 无法加载模块:Img

[ 2017-03-19T09:01:56+08:00 ] ::1 /project/classmatealumni/img/icon.ico
ERR: 无法加载模块:Img

[ 2017-03-19T10:36:13+08:00 ] ::1 /project/classmatealumni/index.php/User/guest/usesrname/user4.html
ERR: 无法加载模块:User

[ 2017-03-19T10:36:20+08:00 ] ::1 /project/classmatealumni/index.php/User/guest/usesrname/user4.html
ERR: 无法加载模块:User

[ 2017-03-19T15:02:17+08:00 ] ::1 /project/classmatealumni/Public/img/studentphoto/11/header.jpg
ERR: 无法加载模块:Public

[ 2017-03-19T15:04:21+08:00 ] ::1 /project/classmatealumni/Public/img/studentphoto/11/header.jpg
ERR: 无法加载模块:Public

[ 2017-03-19T15:19:57+08:00 ] ::1 /project/classmatealumni/Public/img/studentphoto/11/header.jpg
ERR: 无法加载模块:Public

[ 2017-03-19T15:45:13+08:00 ] ::1 /project/classmatealumni/Public/img/studentphoto/01/header.jpg
ERR: 无法加载模块:Public

[ 2017-03-19T21:54:03+08:00 ] ::1 /project/classmatealumni/img/icon.ico
ERR: 无法加载模块:Img

[ 2017-03-19T22:25:49+08:00 ] ::1 /project/classmatealumni/Public/img/studentphoto/3/header.jpg
ERR: 无法加载模块:Public

[ 2017-03-19T22:25:49+08:00 ] ::1 /project/classmatealumni/Public/img/studentphoto/1/header.jpg
ERR: 无法加载模块:Public

[ 2017-03-19T22:25:49+08:00 ] ::1 /project/classmatealumni/Public/img/studentphoto/4/header.jpg
ERR: 无法加载模块:Public

[ 2017-03-19T22:25:49+08:00 ] ::1 /project/classmatealumni/Public/img/studentphoto/5/header.jpg
ERR: 无法加载模块:Public

[ 2017-03-19T22:25:49+08:00 ] ::1 /project/classmatealumni/Public/img/studentphoto/6/header.jpg
ERR: 无法加载模块:Public

[ 2017-03-19T22:25:49+08:00 ] ::1 /project/classmatealumni/Public/img/studentphoto/7/header.jpg
ERR: 无法加载模块:Public

[ 2017-03-19T22:25:49+08:00 ] ::1 /project/classmatealumni/Public/img/studentphoto/8/header.jpg
ERR: 无法加载模块:Public

[ 2017-03-19T22:25:49+08:00 ] ::1 /project/classmatealumni/Public/img/studentphoto/9/header.jpg
ERR: 无法加载模块:Public

[ 2017-03-19T22:25:49+08:00 ] ::1 /project/classmatealumni/Public/img/studentphoto/10/header.jpg
ERR: 无法加载模块:Public

[ 2017-03-19T22:25:57+08:00 ] ::1 /project/classmatealumni/Public/img/studentphoto/1/header.jpg
ERR: 无法加载模块:Public

[ 2017-03-19T22:25:57+08:00 ] ::1 /project/classmatealumni/Public/img/studentphoto/3/header.jpg
ERR: 无法加载模块:Public

[ 2017-03-19T22:25:57+08:00 ] ::1 /project/classmatealumni/Public/img/studentphoto/4/header.jpg
ERR: 无法加载模块:Public

[ 2017-03-19T22:25:57+08:00 ] ::1 /project/classmatealumni/Public/img/studentphoto/5/header.jpg
ERR: 无法加载模块:Public

[ 2017-03-19T22:25:57+08:00 ] ::1 /project/classmatealumni/Public/img/studentphoto/6/header.jpg
ERR: 无法加载模块:Public

[ 2017-03-19T22:25:57+08:00 ] ::1 /project/classmatealumni/Public/img/studentphoto/8/header.jpg
ERR: 无法加载模块:Public

[ 2017-03-19T22:25:57+08:00 ] ::1 /project/classmatealumni/Public/img/studentphoto/7/header.jpg
ERR: 无法加载模块:Public

[ 2017-03-19T22:25:57+08:00 ] ::1 /project/classmatealumni/Public/img/studentphoto/9/header.jpg
ERR: 无法加载模块:Public

[ 2017-03-19T22:25:57+08:00 ] ::1 /project/classmatealumni/Public/img/studentphoto/10/header.jpg
ERR: 无法加载模块:Public

[ 2017-03-19T22:26:20+08:00 ] ::1 /project/classmatealumni/Public/img/studentphoto/1/header.jpg
ERR: 无法加载模块:Public

[ 2017-03-19T22:26:20+08:00 ] ::1 /project/classmatealumni/Public/img/studentphoto/3/header.jpg
ERR: 无法加载模块:Public

[ 2017-03-19T22:26:20+08:00 ] ::1 /project/classmatealumni/Public/img/studentphoto/5/header.jpg
ERR: 无法加载模块:Public

[ 2017-03-19T22:26:20+08:00 ] ::1 /project/classmatealumni/Public/img/studentphoto/6/header.jpg
ERR: 无法加载模块:Public

[ 2017-03-19T22:26:20+08:00 ] ::1 /project/classmatealumni/Public/img/studentphoto/4/header.jpg
ERR: 无法加载模块:Public

[ 2017-03-19T22:26:20+08:00 ] ::1 /project/classmatealumni/Public/img/studentphoto/7/header.jpg
ERR: 无法加载模块:Public

[ 2017-03-19T22:26:20+08:00 ] ::1 /project/classmatealumni/Public/img/studentphoto/8/header.jpg
ERR: 无法加载模块:Public

[ 2017-03-19T22:26:20+08:00 ] ::1 /project/classmatealumni/Public/img/studentphoto/9/header.jpg
ERR: 无法加载模块:Public

[ 2017-03-19T22:26:20+08:00 ] ::1 /project/classmatealumni/Public/img/studentphoto/10/header.jpg
ERR: 无法加载模块:Public

[ 2017-03-19T22:32:01+08:00 ] ::1 /project/classmatealumni/Public/img/studentphoto/user1Lannister2.jpg
ERR: 无法加载模块:Public

[ 2017-03-19T22:32:01+08:00 ] ::1 /project/classmatealumni/Public/img/studentphoto/user1header.jpg
ERR: 无法加载模块:Public

[ 2017-03-19T22:32:02+08:00 ] ::1 /project/classmatealumni/Public/img/studentphoto/user1Lannister2.jpg
ERR: 无法加载模块:Public

[ 2017-03-19T22:32:02+08:00 ] ::1 /project/classmatealumni/Public/img/studentphoto/user1header.jpg
ERR: 无法加载模块:Public

