[ 2017-03-17T22:13:09+08:00 ] ::1 /project/classmatealumni/img/logo.png
ERR: 无法加载模块:Img

[ 2017-03-17T22:13:09+08:00 ] ::1 /project/classmatealumni/img/slide1.png
ERR: 无法加载模块:Img

[ 2017-03-17T22:13:09+08:00 ] ::1 /project/classmatealumni/img/slide3.png
ERR: 无法加载模块:Img

[ 2017-03-17T22:13:09+08:00 ] ::1 /project/classmatealumni/img/slide2.png
ERR: 无法加载模块:Img

[ 2017-03-17T22:13:09+08:00 ] ::1 /project/classmatealumni/img/tab2.png
ERR: 无法加载模块:Img

[ 2017-03-17T22:13:09+08:00 ] ::1 /project/classmatealumni/img/tab3.png
ERR: 无法加载模块:Img

[ 2017-03-17T22:13:09+08:00 ] ::1 /project/classmatealumni/img/icon.ico
ERR: 无法加载模块:Img

[ 2017-03-17T22:16:51+08:00 ] ::1 /project/classmatealumni/img/logo.png
ERR: 无法加载模块:Img

[ 2017-03-17T22:16:51+08:00 ] ::1 /project/classmatealumni/img/slide1.png
ERR: 无法加载模块:Img

[ 2017-03-17T22:16:51+08:00 ] ::1 /project/classmatealumni/img/tab3.png
ERR: 无法加载模块:Img

[ 2017-03-17T22:16:51+08:00 ] ::1 /project/classmatealumni/img/slide3.png
ERR: 无法加载模块:Img

[ 2017-03-17T22:16:51+08:00 ] ::1 /project/classmatealumni/img/slide2.png
ERR: 无法加载模块:Img

[ 2017-03-17T22:16:51+08:00 ] ::1 /project/classmatealumni/img/tab2.png
ERR: 无法加载模块:Img

[ 2017-03-17T22:17:42+08:00 ] ::1 /project/classmatealumni/img/logo.png
ERR: 无法加载模块:Img

[ 2017-03-17T22:17:42+08:00 ] ::1 /project/classmatealumni/img/slide1.png
ERR: 无法加载模块:Img

[ 2017-03-17T22:17:42+08:00 ] ::1 /project/classmatealumni/img/slide3.png
ERR: 无法加载模块:Img

[ 2017-03-17T22:17:42+08:00 ] ::1 /project/classmatealumni/img/tab2.png
ERR: 无法加载模块:Img

[ 2017-03-17T22:17:42+08:00 ] ::1 /project/classmatealumni/img/slide2.png
ERR: 无法加载模块:Img

[ 2017-03-17T22:17:42+08:00 ] ::1 /project/classmatealumni/img/tab3.png
ERR: 无法加载模块:Img

[ 2017-03-17T22:18:10+08:00 ] ::1 /project/classmatealumni/img/slide1.png
ERR: 无法加载模块:Img

[ 2017-03-17T22:18:10+08:00 ] ::1 /project/classmatealumni/img/slide2.png
ERR: 无法加载模块:Img

[ 2017-03-17T22:18:10+08:00 ] ::1 /project/classmatealumni/img/slide3.png
ERR: 无法加载模块:Img

[ 2017-03-17T22:18:10+08:00 ] ::1 /project/classmatealumni/img/tab3.png
ERR: 无法加载模块:Img

[ 2017-03-17T22:18:10+08:00 ] ::1 /project/classmatealumni/img/tab2.png
ERR: 无法加载模块:Img

[ 2017-03-17T22:18:28+08:00 ] ::1 /project/classmatealumni/img/slide1.png
ERR: 无法加载模块:Img

[ 2017-03-17T22:18:28+08:00 ] ::1 /project/classmatealumni/img/slide2.png
ERR: 无法加载模块:Img

[ 2017-03-17T22:18:28+08:00 ] ::1 /project/classmatealumni/img/slide3.png
ERR: 无法加载模块:Img

[ 2017-03-17T22:18:28+08:00 ] ::1 /project/classmatealumni/img/tab2.png
ERR: 无法加载模块:Img

[ 2017-03-17T22:18:28+08:00 ] ::1 /project/classmatealumni/img/tab3.png
ERR: 无法加载模块:Img

[ 2017-03-17T22:21:37+08:00 ] ::1 /project/classmatealumni/img/slide1.png
ERR: 无法加载模块:Img

[ 2017-03-17T22:21:37+08:00 ] ::1 /project/classmatealumni/img/slide2.png
ERR: 无法加载模块:Img

[ 2017-03-17T22:21:37+08:00 ] ::1 /project/classmatealumni/img/slide3.png
ERR: 无法加载模块:Img

[ 2017-03-17T22:21:37+08:00 ] ::1 /project/classmatealumni/img/tab2.png
ERR: 无法加载模块:Img

[ 2017-03-17T22:21:37+08:00 ] ::1 /project/classmatealumni/img/tab3.png
ERR: 无法加载模块:Img

[ 2017-03-17T22:21:46+08:00 ] ::1 /project/classmatealumni/img/slide1.png
ERR: 无法加载模块:Img

[ 2017-03-17T22:21:46+08:00 ] ::1 /project/classmatealumni/img/slide3.png
ERR: 无法加载模块:Img

[ 2017-03-17T22:21:46+08:00 ] ::1 /project/classmatealumni/img/slide2.png
ERR: 无法加载模块:Img

[ 2017-03-17T22:21:46+08:00 ] ::1 /project/classmatealumni/img/tab2.png
ERR: 无法加载模块:Img

[ 2017-03-17T22:21:46+08:00 ] ::1 /project/classmatealumni/img/tab3.png
ERR: 无法加载模块:Img

[ 2017-03-17T22:52:13+08:00 ] ::1 /project/classmatealumni/Public/img/slide1.png
ERR: 无法加载模块:Public

[ 2017-03-17T22:52:13+08:00 ] ::1 /project/classmatealumni/Public/img/slide2.png
ERR: 无法加载模块:Public

[ 2017-03-17T22:52:13+08:00 ] ::1 /project/classmatealumni/Public/img/slide3.png
ERR: 无法加载模块:Public

[ 2017-03-17T22:52:14+08:00 ] ::1 /project/classmatealumni/Public/img/slide1.png
ERR: 无法加载模块:Public

[ 2017-03-17T22:52:14+08:00 ] ::1 /project/classmatealumni/Public/img/slide3.png
ERR: 无法加载模块:Public

[ 2017-03-17T22:52:14+08:00 ] ::1 /project/classmatealumni/Public/img/slide2.png
ERR: 无法加载模块:Public

