[ 2017-03-18T08:08:39+08:00 ] ::1 /project/classmatealumni/img/tab2.png
ERR: 无法加载模块:Img

[ 2017-03-18T08:08:39+08:00 ] ::1 /project/classmatealumni/img/icon.ico
ERR: 无法加载模块:Img

[ 2017-03-18T10:37:52+08:00 ] ::1 /project/classmatealumni/User/guests
ERR: 无法加载模块:User

[ 2017-03-18T10:37:57+08:00 ] ::1 /project/classmatealumni/User/
ERR: 无法加载模块:User

[ 2017-03-18T10:38:03+08:00 ] ::1 /project/classmatealumni/img/tab3.png
ERR: 无法加载模块:Img

[ 2017-03-18T10:38:03+08:00 ] ::1 /project/classmatealumni/img/tab2.png
ERR: 无法加载模块:Img

[ 2017-03-18T10:49:47+08:00 ] ::1 /project/classmatealumni/User/Index.html
ERR: 无法加载模块:User

[ 2017-03-18T10:49:49+08:00 ] ::1 /project/classmatealumni/User/Index
ERR: 无法加载模块:User

[ 2017-03-18T10:49:53+08:00 ] ::1 /project/classmatealumni/User/Index
ERR: 无法加载模块:User

[ 2017-03-18T10:49:58+08:00 ] ::1 /project/classmatealumni/img/tab2.png
ERR: 无法加载模块:Img

[ 2017-03-18T10:49:58+08:00 ] ::1 /project/classmatealumni/img/tab3.png
ERR: 无法加载模块:Img

[ 2017-03-18T10:50:07+08:00 ] ::1 /project/classmatealumni/index/index
ERR: 无法加载模块:Index

[ 2017-03-18T17:01:40+08:00 ] ::1 /project/classmatealumni/img/tab2.png
ERR: 无法加载模块:Img

[ 2017-03-18T17:01:40+08:00 ] ::1 /project/classmatealumni/img/tab3.png
ERR: 无法加载模块:Img

[ 2017-03-18T18:02:42+08:00 ] ::1 /project/classmatealumni/img/tab3.png
ERR: 无法加载模块:Img

[ 2017-03-18T18:02:42+08:00 ] ::1 /project/classmatealumni/img/tab2.png
ERR: 无法加载模块:Img

[ 2017-03-18T18:02:43+08:00 ] ::1 /project/classmatealumni/img/icon.ico
ERR: 无法加载模块:Img

[ 2017-03-18T18:15:40+08:00 ] ::1 /project/classmatealumni/Public/img/slide1.png
ERR: 无法加载模块:Public

[ 2017-03-18T19:16:18+08:00 ] ::1 /project/classmatealumni/img/tab3.png
ERR: 无法加载模块:Img

[ 2017-03-18T19:16:18+08:00 ] ::1 /project/classmatealumni/img/tab2.png
ERR: 无法加载模块:Img

